Arguments: 
  D:\nodejs\node.exe D:\nodejs\node_global\node_modules\yarn\bin\yarn.js add vue-loadervue-template-compiler --dev

PATH: 
  D:\Program Files\Git\mingw64\bin;D:\Program Files\Git\usr\bin;C:\Users\yang\bin;C:\Python27;C:\Python27\Scripts;C:\Program Files (x86)\Intel\iCLS Client;C:\Program Files\Intel\iCLS Client;C:\WINDOWS\system32;C:\WINDOWS;C:\WINDOWS\System32\Wbem;C:\WINDOWS\System32\WindowsPowerShell\v1.0;C:\Program Files (x86)\Intel\Intel(R) Management Engine Components\DAL;C:\Program Files\Intel\Intel(R) Management Engine Components\DAL;C:\Program Files (x86)\Intel\Intel(R) Management Engine Components\IPT;C:\Program Files\Intel\Intel(R) Management Engine Components\IPT;C:\WINDOWS\System32\OpenSSH;D:\Program Files\Microsoft VS Code\bin;C:\Program Files\Common Files\Intel\WirelessCommon;C:\ProgramData\chocolatey\bin;D:\Program Files\Git\cmd;D:\Program Files\TortoiseSVN\bin;C:\Program Files\Intel\WiFi\bin;D:\Program Files\TotoriseGit\bin;D:\nodejs;D:\nodejs\yarn_global_folder\bin;D:\nodejs\yarn_global_folder\node_modules\.bin;D:\nodejs\node_global\bin;D:\Program Files\Git\usr\bin;D:\Program Files\Git\git-bash.exe;C:\Users\yang\AppData\Local\Microsoft\WindowsApps;E:\Program Files\Microsoft VS Code\bin;D:\nodejs\node_global;D:\nodejs\yarn_global_folder;C:\Program Files\Bandizip

Yarn version: 
  1.22.10

Node version: 
  12.10.0

Platform: 
  win32 x64

Trace: 
  Error: https://registry.yarnpkg.com/vue-loadervue-template-compiler: Not found
      at Request.params.callback [as _callback] (D:\nodejs\node_global\node_modules\yarn\lib\cli.js:66988:18)
      at Request.self.callback (D:\nodejs\node_global\node_modules\yarn\lib\cli.js:140662:22)
      at Request.emit (events.js:209:13)
      at Request.<anonymous> (D:\nodejs\node_global\node_modules\yarn\lib\cli.js:141634:10)
      at Request.emit (events.js:209:13)
      at IncomingMessage.<anonymous> (D:\nodejs\node_global\node_modules\yarn\lib\cli.js:141556:12)
      at Object.onceWrapper (events.js:298:28)
      at IncomingMessage.emit (events.js:214:15)
      at endReadableNT (_stream_readable.js:1178:12)
      at processTicksAndRejections (internal/process/task_queues.js:80:21)

npm manifest: 
  {
    "name": "mycomponents",
    "version": "1.0.0",
    "main": "index.js",
    "license": "MIT",
    "dependencies": {
      "vue": "^2.6.12"
    }
  }

yarn manifest: 
  No manifest

Lockfile: 
  # THIS IS AN AUTOGENERATED FILE. DO NOT EDIT THIS FILE DIRECTLY.
  # yarn lockfile v1
  
  
  vue@^2.6.12:
    version "2.6.12"
    resolved "https://registry.yarnpkg.com/vue/-/vue-2.6.12.tgz#f5ebd4fa6bd2869403e29a896aed4904456c9123"
    integrity sha512-uhmLFETqPPNyuLLbsKz6ioJ4q7AZHzD8ZVFNATNyICSZouqP2Sz0rotWQC8UNBF6VGSCs5abnKJoStA6JbCbfg==
